# JRE version: Java(TM) SE Runtime Environment (8.0_181-b13) (build 1.8.0_181-b13)
# Java VM: Java HotSpot(TM) 64-Bit Server VM (25.181-b13 mixed mode windows-amd64 compressed oops)
Heap:
 PSYoungGen      total 141824K, used 6005K [0x000000076b100000, 0x0000000774600000, 0x00000007c0000000)
  eden space 131072K, 4% used [0x000000076b100000,0x000000076b6dd518,0x0000000773100000)
  from space 10752K, 0% used [0x0000000773100000,0x0000000773100000,0x0000000773b80000)
  to   space 10752K, 0% used [0x0000000773b80000,0x0000000773b80000,0x0000000774600000)
 ParOldGen       total 218624K, used 67110K [0x00000006c1200000, 0x00000006ce780000, 0x000000076b100000)
  object space 218624K, 30% used [0x00000006c1200000,0x00000006c5389b60,0x00000006ce780000)
 Metaspace       used 21316K, capacity 21382K, committed 21760K, reserved 1069056K
  class space    used 2974K, capacity 2978K, committed 3072K, reserved 1048576K
GC Heap History (8 events):
Event: 0.779 GC heap before
{Heap before GC invocations=1 (full 0):
 PSYoungGen      total 76288K, used 65536K [0x000000076b100000, 0x0000000770600000, 0x00000007c0000000)
  eden space 65536K, 100% used [0x000000076b100000,0x000000076f100000,0x000000076f100000)
  from space 10752K, 0% used [0x000000076fb80000,0x000000076fb80000,0x0000000770600000)
  to   space 10752K, 0% used [0x000000076f100000,0x000000076f100000,0x000000076fb80000)
 ParOldGen       total 175104K, used 0K [0x00000006c1200000, 0x00000006cbd00000, 0x000000076b100000)
  object space 175104K, 0% used [0x00000006c1200000,0x00000006c1200000,0x00000006cbd00000)
 Metaspace       used 12180K, capacity 12258K, committed 12416K, reserved 1060864K
  class space    used 1763K, capacity 1794K, committed 1920K, reserved 1048576K
Event: 0.809 GC heap after
Heap after GC invocations=1 (full 0):
 PSYoungGen      total 76288K, used 10744K [0x000000076b100000, 0x0000000774600000, 0x00000007c0000000)
  eden space 65536K, 0% used [0x000000076b100000,0x000000076b100000,0x000000076f100000)
  from space 10752K, 99% used [0x000000076f100000,0x000000076fb7e110,0x000000076fb80000)
  to   space 10752K, 0% used [0x0000000773b80000,0x0000000773b80000,0x0000000774600000)
 ParOldGen       total 175104K, used 24121K [0x00000006c1200000, 0x00000006cbd00000, 0x000000076b100000)
  object space 175104K, 13% used [0x00000006c1200000,0x00000006c298e6e8,0x00000006cbd00000)
 Metaspace       used 12180K, capacity 12258K, committed 12416K, reserved 1060864K
  class space    used 1763K, capacity 1794K, committed 1920K, reserved 1048576K
}
Event: 1.771 GC heap before
{Heap before GC invocations=2 (full 0):
 PSYoungGen      total 76288K, used 76280K [0x000000076b100000, 0x0000000774600000, 0x00000007c0000000)
  eden space 65536K, 100% used [0x000000076b100000,0x000000076f100000,0x000000076f100000)
  from space 10752K, 99% used [0x000000076f100000,0x000000076fb7e110,0x000000076fb80000)
  to   space 10752K, 0% used [0x0000000773b80000,0x0000000773b80000,0x0000000774600000)
 ParOldGen       total 175104K, used 24121K [0x00000006c1200000, 0x00000006cbd00000, 0x000000076b100000)
  object space 175104K, 13% used [0x00000006c1200000,0x00000006c298e6e8,0x00000006cbd00000)
 Metaspace       used 20603K, capacity 20646K, committed 20864K, reserved 1067008K
  class space    used 2874K, capacity 2882K, committed 2944K, reserved 1048576K
Event: 1.800 GC heap after
Heap after GC invocations=2 (full 0):
 PSYoungGen      total 141824K, used 10731K [0x000000076b100000, 0x0000000774600000, 0x00000007c0000000)
  eden space 131072K, 0% used [0x000000076b100000,0x000000076b100000,0x0000000773100000)
  from space 10752K, 99% used [0x0000000773b80000,0x00000007745fadf8,0x0000000774600000)
  to   space 10752K, 0% used [0x0000000773100000,0x0000000773100000,0x0000000773b80000)
 ParOldGen       total 175104K, used 53905K [0x00000006c1200000, 0x00000006cbd00000, 0x000000076b100000)
  object space 175104K, 30% used [0x00000006c1200000,0x00000006c46a4468,0x00000006cbd00000)
 Metaspace       used 20603K, capacity 20646K, committed 20864K, reserved 1067008K
  class space    used 2874K, capacity 2882K, committed 2944K, reserved 1048576K
}
Event: 2.089 GC heap before
{Heap before GC invocations=3 (full 0):
 PSYoungGen      total 141824K, used 21890K [0x000000076b100000, 0x0000000774600000, 0x00000007c0000000)
  eden space 131072K, 8% used [0x000000076b100000,0x000000076bbe5a48,0x0000000773100000)
  from space 10752K, 99% used [0x0000000773b80000,0x00000007745fadf8,0x0000000774600000)
  to   space 10752K, 0% used [0x0000000773100000,0x0000000773100000,0x0000000773b80000)
 ParOldGen       total 175104K, used 53905K [0x00000006c1200000, 0x00000006cbd00000, 0x000000076b100000)
  object space 175104K, 30% used [0x00000006c1200000,0x00000006c46a4468,0x00000006cbd00000)
 Metaspace       used 20991K, capacity 21062K, committed 21296K, reserved 1067008K
  class space    used 2911K, capacity 2914K, committed 2944K, reserved 1048576K
Event: 2.110 GC heap after
Heap after GC invocations=3 (full 0):
 PSYoungGen      total 141824K, used 10750K [0x000000076b100000, 0x0000000774600000, 0x00000007c0000000)
  eden space 131072K, 0% used [0x000000076b100000,0x000000076b100000,0x0000000773100000)
  from space 10752K, 99% used [0x0000000773100000,0x0000000773b7f920,0x0000000773b80000)
  to   space 10752K, 0% used [0x0000000773b80000,0x0000000773b80000,0x0000000774600000)
 ParOldGen       total 175104K, used 58433K [0x00000006c1200000, 0x00000006cbd00000, 0x000000076b100000)
  object space 175104K, 33% used [0x00000006c1200000,0x00000006c4b10558,0x00000006cbd00000)
 Metaspace       used 20991K, capacity 21062K, committed 21296K, reserved 1067008K
  class space    used 2911K, capacity 2914K, committed 2944K, reserved 1048576K
}
Event: 2.110 GC heap before
{Heap before GC invocations=4 (full 1):
 PSYoungGen      total 141824K, used 10750K [0x000000076b100000, 0x0000000774600000, 0x00000007c0000000)
  eden space 131072K, 0% used [0x000000076b100000,0x000000076b100000,0x0000000773100000)
  from space 10752K, 99% used [0x0000000773100000,0x0000000773b7f920,0x0000000773b80000)
  to   space 10752K, 0% used [0x0000000773b80000,0x0000000773b80000,0x0000000774600000)
 ParOldGen       total 175104K, used 58433K [0x00000006c1200000, 0x00000006cbd00000, 0x000000076b100000)
  object space 175104K, 33% used [0x00000006c1200000,0x00000006c4b10558,0x00000006cbd00000)
 Metaspace       used 20991K, capacity 21062K, committed 21296K, reserved 1067008K
  class space    used 2911K, capacity 2914K, committed 2944K, reserved 1048576K
Event: 2.405 GC heap after
Heap after GC invocations=4 (full 1):
 PSYoungGen      total 141824K, used 0K [0x000000076b100000, 0x0000000774600000, 0x00000007c0000000)
  eden space 131072K, 0% used [0x000000076b100000,0x000000076b100000,0x0000000773100000)
  from space 10752K, 0% used [0x0000000773100000,0x0000000773100000,0x0000000773b80000)
  to   space 10752K, 0% used [0x0000000773b80000,0x0000000773b80000,0x0000000774600000)
 ParOldGen       total 218624K, used 67110K [0x00000006c1200000, 0x00000006ce780000, 0x000000076b100000)
  object space 218624K, 30% used [0x00000006c1200000,0x00000006c5389b60,0x00000006ce780000)
 Metaspace       used 20991K, capacity 21062K, committed 21296K, reserved 1067008K
  class space    used 2911K, capacity 2914K, committed 2944K, reserved 1048576K
}

