# JRE version: Java(TM) SE Runtime Environment (8.0_181-b13) (build 1.8.0_181-b13)
# Java VM: Java HotSpot(TM) 64-Bit Server VM (25.181-b13 mixed mode windows-amd64 compressed oops)
Heap:
 PSYoungGen      total 141824K, used 15855K [0x000000076b100000, 0x0000000776080000, 0x00000007c0000000)
  eden space 131072K, 12% used [0x000000076b100000,0x000000076c07bc48,0x0000000773100000)
  from space 10752K, 0% used [0x0000000773b80000,0x0000000773b80000,0x0000000774600000)
  to   space 10752K, 0% used [0x0000000773100000,0x0000000773100000,0x0000000773b80000)
 ParOldGen       total 219648K, used 96797K [0x00000006c1200000, 0x00000006ce880000, 0x000000076b100000)
  object space 219648K, 44% used [0x00000006c1200000,0x00000006c70877d8,0x00000006ce880000)
 Metaspace       used 36051K, capacity 36204K, committed 36480K, reserved 1081344K
  class space    used 4901K, capacity 4932K, committed 4992K, reserved 1048576K
GC Heap History (10 events):
Event: 1.926 GC heap before
{Heap before GC invocations=4 (full 1):
 PSYoungGen      total 141824K, used 10750K [0x000000076b100000, 0x0000000774600000, 0x00000007c0000000)
  eden space 131072K, 0% used [0x000000076b100000,0x000000076b100000,0x0000000773100000)
  from space 10752K, 99% used [0x0000000773100000,0x0000000773b7f920,0x0000000773b80000)
  to   space 10752K, 0% used [0x0000000773b80000,0x0000000773b80000,0x0000000774600000)
 ParOldGen       total 175104K, used 58435K [0x00000006c1200000, 0x00000006cbd00000, 0x000000076b100000)
  object space 175104K, 33% used [0x00000006c1200000,0x00000006c4b10d88,0x00000006cbd00000)
 Metaspace       used 20929K, capacity 20994K, committed 21296K, reserved 1067008K
  class space    used 2911K, capacity 2914K, committed 2944K, reserved 1048576K
Event: 2.243 GC heap after
Heap after GC invocations=4 (full 1):
 PSYoungGen      total 141824K, used 0K [0x000000076b100000, 0x0000000774600000, 0x00000007c0000000)
  eden space 131072K, 0% used [0x000000076b100000,0x000000076b100000,0x0000000773100000)
  from space 10752K, 0% used [0x0000000773100000,0x0000000773100000,0x0000000773b80000)
  to   space 10752K, 0% used [0x0000000773b80000,0x0000000773b80000,0x0000000774600000)
 ParOldGen       total 219648K, used 67115K [0x00000006c1200000, 0x00000006ce880000, 0x000000076b100000)
  object space 219648K, 30% used [0x00000006c1200000,0x00000006c538ae60,0x00000006ce880000)
 Metaspace       used 20929K, capacity 20994K, committed 21296K, reserved 1067008K
  class space    used 2911K, capacity 2914K, committed 2944K, reserved 1048576K
}
Event: 6.598 GC heap before
{Heap before GC invocations=5 (full 1):
 PSYoungGen      total 141824K, used 131072K [0x000000076b100000, 0x0000000774600000, 0x00000007c0000000)
  eden space 131072K, 100% used [0x000000076b100000,0x0000000773100000,0x0000000773100000)
  from space 10752K, 0% used [0x0000000773100000,0x0000000773100000,0x0000000773b80000)
  to   space 10752K, 0% used [0x0000000773b80000,0x0000000773b80000,0x0000000774600000)
 ParOldGen       total 219648K, used 67115K [0x00000006c1200000, 0x00000006ce880000, 0x000000076b100000)
  object space 219648K, 30% used [0x00000006c1200000,0x00000006c538ae60,0x00000006ce880000)
 Metaspace       used 26201K, capacity 26316K, committed 26752K, reserved 1073152K
  class space    used 3615K, capacity 3620K, committed 3712K, reserved 1048576K
Event: 6.615 GC heap after
Heap after GC invocations=5 (full 1):
 PSYoungGen      total 141824K, used 10721K [0x000000076b100000, 0x0000000776080000, 0x00000007c0000000)
  eden space 131072K, 0% used [0x000000076b100000,0x000000076b100000,0x0000000773100000)
  from space 10752K, 99% used [0x0000000773b80000,0x00000007745f8638,0x0000000774600000)
  to   space 10752K, 0% used [0x0000000773100000,0x0000000773100000,0x0000000773b80000)
 ParOldGen       total 219648K, used 75113K [0x00000006c1200000, 0x00000006ce880000, 0x000000076b100000)
  object space 219648K, 34% used [0x00000006c1200000,0x00000006c5b5a500,0x00000006ce880000)
 Metaspace       used 26201K, capacity 26316K, committed 26752K, reserved 1073152K
  class space    used 3615K, capacity 3620K, committed 3712K, reserved 1048576K
}
Event: 11.315 GC heap before
{Heap before GC invocations=6 (full 1):
 PSYoungGen      total 141824K, used 141793K [0x000000076b100000, 0x0000000776080000, 0x00000007c0000000)
  eden space 131072K, 100% used [0x000000076b100000,0x0000000773100000,0x0000000773100000)
  from space 10752K, 99% used [0x0000000773b80000,0x00000007745f8638,0x0000000774600000)
  to   space 10752K, 0% used [0x0000000773100000,0x0000000773100000,0x0000000773b80000)
 ParOldGen       total 219648K, used 75113K [0x00000006c1200000, 0x00000006ce880000, 0x000000076b100000)
  object space 219648K, 34% used [0x00000006c1200000,0x00000006c5b5a500,0x00000006ce880000)
 Metaspace       used 34480K, capacity 34604K, committed 35072K, reserved 1079296K
  class space    used 4717K, capacity 4740K, committed 4864K, reserved 1048576K
Event: 11.337 GC heap after
Heap after GC invocations=6 (full 1):
 PSYoungGen      total 141824K, used 10720K [0x000000076b100000, 0x0000000776080000, 0x00000007c0000000)
  eden space 131072K, 0% used [0x000000076b100000,0x000000076b100000,0x0000000773100000)
  from space 10752K, 99% used [0x0000000773100000,0x0000000773b78208,0x0000000773b80000)
  to   space 10752K, 0% used [0x0000000773b80000,0x0000000773b80000,0x0000000774600000)
 ParOldGen       total 219648K, used 94776K [0x00000006c1200000, 0x00000006ce880000, 0x000000076b100000)
  object space 219648K, 43% used [0x00000006c1200000,0x00000006c6e8e078,0x00000006ce880000)
 Metaspace       used 34480K, capacity 34604K, committed 35072K, reserved 1079296K
  class space    used 4717K, capacity 4740K, committed 4864K, reserved 1048576K
}
Event: 11.471 GC heap before
{Heap before GC invocations=7 (full 1):
 PSYoungGen      total 141824K, used 26554K [0x000000076b100000, 0x0000000776080000, 0x00000007c0000000)
  eden space 131072K, 12% used [0x000000076b100000,0x000000076c0767b8,0x0000000773100000)
  from space 10752K, 99% used [0x0000000773100000,0x0000000773b78208,0x0000000773b80000)
  to   space 10752K, 0% used [0x0000000773b80000,0x0000000773b80000,0x0000000774600000)
 ParOldGen       total 219648K, used 94776K [0x00000006c1200000, 0x00000006ce880000, 0x000000076b100000)
  object space 219648K, 43% used [0x00000006c1200000,0x00000006c6e8e078,0x00000006ce880000)
 Metaspace       used 35159K, capacity 35244K, committed 35496K, reserved 1079296K
  class space    used 4779K, capacity 4804K, committed 4864K, reserved 1048576K
Event: 11.485 GC heap after
Heap after GC invocations=7 (full 1):
 PSYoungGen      total 141824K, used 10748K [0x000000076b100000, 0x0000000776080000, 0x00000007c0000000)
  eden space 131072K, 0% used [0x000000076b100000,0x000000076b100000,0x0000000773100000)
  from space 10752K, 99% used [0x0000000773b80000,0x00000007745ff3c0,0x0000000774600000)
  to   space 10752K, 0% used [0x0000000773100000,0x0000000773100000,0x0000000773b80000)
 ParOldGen       total 219648K, used 96577K [0x00000006c1200000, 0x00000006ce880000, 0x000000076b100000)
  object space 219648K, 43% used [0x00000006c1200000,0x00000006c70505d8,0x00000006ce880000)
 Metaspace       used 35159K, capacity 35244K, committed 35496K, reserved 1079296K
  class space    used 4779K, capacity 4804K, committed 4864K, reserved 1048576K
}
Event: 11.485 GC heap before
{Heap before GC invocations=8 (full 2):
 PSYoungGen      total 141824K, used 10748K [0x000000076b100000, 0x0000000776080000, 0x00000007c0000000)
  eden space 131072K, 0% used [0x000000076b100000,0x000000076b100000,0x0000000773100000)
  from space 10752K, 99% used [0x0000000773b80000,0x00000007745ff3c0,0x0000000774600000)
  to   space 10752K, 0% used [0x0000000773100000,0x0000000773100000,0x0000000773b80000)
 ParOldGen       total 219648K, used 96577K [0x00000006c1200000, 0x00000006ce880000, 0x000000076b100000)
  object space 219648K, 43% used [0x00000006c1200000,0x00000006c70505d8,0x00000006ce880000)
 Metaspace       used 35159K, capacity 35244K, committed 35496K, reserved 1079296K
  class space    used 4779K, capacity 4804K, committed 4864K, reserved 1048576K
Event: 11.674 GC heap after
Heap after GC invocations=8 (full 2):
 PSYoungGen      total 141824K, used 0K [0x000000076b100000, 0x0000000776080000, 0x00000007c0000000)
  eden space 131072K, 0% used [0x000000076b100000,0x000000076b100000,0x0000000773100000)
  from space 10752K, 0% used [0x0000000773b80000,0x0000000773b80000,0x0000000774600000)
  to   space 10752K, 0% used [0x0000000773100000,0x0000000773100000,0x0000000773b80000)
 ParOldGen       total 219648K, used 96797K [0x00000006c1200000, 0x00000006ce880000, 0x000000076b100000)
  object space 219648K, 44% used [0x00000006c1200000,0x00000006c70877d8,0x00000006ce880000)
 Metaspace       used 35159K, capacity 35244K, committed 35496K, reserved 1079296K
  class space    used 4779K, capacity 4804K, committed 4864K, reserved 1048576K
}

