# JRE version: Java(TM) SE Runtime Environment (8.0_181-b13) (build 1.8.0_181-b13)
# Java VM: Java HotSpot(TM) 64-Bit Server VM (25.181-b13 mixed mode windows-amd64 compressed oops)
Heap:
 PSYoungGen      total 989184K, used 511785K [0x000000076b100000, 0x00000007ae680000, 0x00000007c0000000)
  eden space 987648K, 51% used [0x000000076b100000,0x000000078a3a9808,0x00000007a7580000)
  from space 1536K, 75% used [0x00000007a7d80000,0x00000007a7ea0c08,0x00000007a7f00000)
  to   space 8192K, 0% used [0x00000007a7580000,0x00000007a7580000,0x00000007a7d80000)
 ParOldGen       total 154624K, used 17798K [0x00000006c1200000, 0x00000006ca900000, 0x000000076b100000)
  object space 154624K, 11% used [0x00000006c1200000,0x00000006c2361820,0x00000006ca900000)
 Metaspace       used 47302K, capacity 47832K, committed 48000K, reserved 1091584K
  class space    used 6360K, capacity 6487K, committed 6528K, reserved 1048576K
GC Heap History (10 events):
Event: 13.226 GC heap before
{Heap before GC invocations=30 (full 2):
 PSYoungGen      total 995840K, used 988719K [0x000000076b100000, 0x00000007ae680000, 0x00000007c0000000)
  eden space 987648K, 100% used [0x000000076b100000,0x00000007a7580000,0x00000007a7580000)
  from space 8192K, 13% used [0x00000007a7580000,0x00000007a768bc58,0x00000007a7d80000)
  to   space 1536K, 0% used [0x00000007a7d80000,0x00000007a7d80000,0x00000007a7f00000)
 ParOldGen       total 154624K, used 17782K [0x00000006c1200000, 0x00000006ca900000, 0x000000076b100000)
  object space 154624K, 11% used [0x00000006c1200000,0x00000006c235d820,0x00000006ca900000)
 Metaspace       used 47270K, capacity 47832K, committed 48000K, reserved 1091584K
  class space    used 6360K, capacity 6487K, committed 6528K, reserved 1048576K
Event: 13.227 GC heap after
Heap after GC invocations=30 (full 2):
 PSYoungGen      total 989184K, used 1022K [0x000000076b100000, 0x00000007ae680000, 0x00000007c0000000)
  eden space 987648K, 0% used [0x000000076b100000,0x000000076b100000,0x00000007a7580000)
  from space 1536K, 66% used [0x00000007a7d80000,0x00000007a7e7f850,0x00000007a7f00000)
  to   space 8192K, 0% used [0x00000007a7580000,0x00000007a7580000,0x00000007a7d80000)
 ParOldGen       total 154624K, used 17782K [0x00000006c1200000, 0x00000006ca900000, 0x000000076b100000)
  object space 154624K, 11% used [0x00000006c1200000,0x00000006c235d820,0x00000006ca900000)
 Metaspace       used 47270K, capacity 47832K, committed 48000K, reserved 1091584K
  class space    used 6360K, capacity 6487K, committed 6528K, reserved 1048576K
}
Event: 13.456 GC heap before
{Heap before GC invocations=31 (full 2):
 PSYoungGen      total 989184K, used 988670K [0x000000076b100000, 0x00000007ae680000, 0x00000007c0000000)
  eden space 987648K, 100% used [0x000000076b100000,0x00000007a7580000,0x00000007a7580000)
  from space 1536K, 66% used [0x00000007a7d80000,0x00000007a7e7f850,0x00000007a7f00000)
  to   space 8192K, 0% used [0x00000007a7580000,0x00000007a7580000,0x00000007a7d80000)
 ParOldGen       total 154624K, used 17782K [0x00000006c1200000, 0x00000006ca900000, 0x000000076b100000)
  object space 154624K, 11% used [0x00000006c1200000,0x00000006c235d820,0x00000006ca900000)
 Metaspace       used 47291K, capacity 47832K, committed 48000K, reserved 1091584K
  class space    used 6360K, capacity 6487K, committed 6528K, reserved 1048576K
Event: 13.458 GC heap after
Heap after GC invocations=31 (full 2):
 PSYoungGen      total 995840K, used 1041K [0x000000076b100000, 0x00000007ae680000, 0x00000007c0000000)
  eden space 987648K, 0% used [0x000000076b100000,0x000000076b100000,0x00000007a7580000)
  from space 8192K, 12% used [0x00000007a7580000,0x00000007a7684610,0x00000007a7d80000)
  to   space 1536K, 0% used [0x00000007a7d80000,0x00000007a7d80000,0x00000007a7f00000)
 ParOldGen       total 154624K, used 17790K [0x00000006c1200000, 0x00000006ca900000, 0x000000076b100000)
  object space 154624K, 11% used [0x00000006c1200000,0x00000006c235f820,0x00000006ca900000)
 Metaspace       used 47291K, capacity 47832K, committed 48000K, reserved 1091584K
  class space    used 6360K, capacity 6487K, committed 6528K, reserved 1048576K
}
Event: 13.674 GC heap before
{Heap before GC invocations=32 (full 2):
 PSYoungGen      total 995840K, used 988689K [0x000000076b100000, 0x00000007ae680000, 0x00000007c0000000)
  eden space 987648K, 100% used [0x000000076b100000,0x00000007a7580000,0x00000007a7580000)
  from space 8192K, 12% used [0x00000007a7580000,0x00000007a7684610,0x00000007a7d80000)
  to   space 1536K, 0% used [0x00000007a7d80000,0x00000007a7d80000,0x00000007a7f00000)
 ParOldGen       total 154624K, used 17790K [0x00000006c1200000, 0x00000006ca900000, 0x000000076b100000)
  object space 154624K, 11% used [0x00000006c1200000,0x00000006c235f820,0x00000006ca900000)
 Metaspace       used 47294K, capacity 47832K, committed 48000K, reserved 1091584K
  class space    used 6360K, capacity 6487K, committed 6528K, reserved 1048576K
Event: 13.675 GC heap after
Heap after GC invocations=32 (full 2):
 PSYoungGen      total 989184K, used 1165K [0x000000076b100000, 0x00000007ae680000, 0x00000007c0000000)
  eden space 987648K, 0% used [0x000000076b100000,0x000000076b100000,0x00000007a7580000)
  from space 1536K, 75% used [0x00000007a7d80000,0x00000007a7ea3450,0x00000007a7f00000)
  to   space 8192K, 0% used [0x00000007a7580000,0x00000007a7580000,0x00000007a7d80000)
 ParOldGen       total 154624K, used 17790K [0x00000006c1200000, 0x00000006ca900000, 0x000000076b100000)
  object space 154624K, 11% used [0x00000006c1200000,0x00000006c235f820,0x00000006ca900000)
 Metaspace       used 47294K, capacity 47832K, committed 48000K, reserved 1091584K
  class space    used 6360K, capacity 6487K, committed 6528K, reserved 1048576K
}
Event: 13.895 GC heap before
{Heap before GC invocations=33 (full 2):
 PSYoungGen      total 989184K, used 988813K [0x000000076b100000, 0x00000007ae680000, 0x00000007c0000000)
  eden space 987648K, 100% used [0x000000076b100000,0x00000007a7580000,0x00000007a7580000)
  from space 1536K, 75% used [0x00000007a7d80000,0x00000007a7ea3450,0x00000007a7f00000)
  to   space 8192K, 0% used [0x00000007a7580000,0x00000007a7580000,0x00000007a7d80000)
 ParOldGen       total 154624K, used 17790K [0x00000006c1200000, 0x00000006ca900000, 0x000000076b100000)
  object space 154624K, 11% used [0x00000006c1200000,0x00000006c235f820,0x00000006ca900000)
 Metaspace       used 47299K, capacity 47832K, committed 48000K, reserved 1091584K
  class space    used 6360K, capacity 6487K, committed 6528K, reserved 1048576K
Event: 13.897 GC heap after
Heap after GC invocations=33 (full 2):
 PSYoungGen      total 995840K, used 1115K [0x000000076b100000, 0x00000007ae680000, 0x00000007c0000000)
  eden space 987648K, 0% used [0x000000076b100000,0x000000076b100000,0x00000007a7580000)
  from space 8192K, 13% used [0x00000007a7580000,0x00000007a7696f80,0x00000007a7d80000)
  to   space 1536K, 0% used [0x00000007a7d80000,0x00000007a7d80000,0x00000007a7f00000)
 ParOldGen       total 154624K, used 17798K [0x00000006c1200000, 0x00000006ca900000, 0x000000076b100000)
  object space 154624K, 11% used [0x00000006c1200000,0x00000006c2361820,0x00000006ca900000)
 Metaspace       used 47299K, capacity 47832K, committed 48000K, reserved 1091584K
  class space    used 6360K, capacity 6487K, committed 6528K, reserved 1048576K
}
Event: 14.115 GC heap before
{Heap before GC invocations=34 (full 2):
 PSYoungGen      total 995840K, used 988763K [0x000000076b100000, 0x00000007ae680000, 0x00000007c0000000)
  eden space 987648K, 100% used [0x000000076b100000,0x00000007a7580000,0x00000007a7580000)
  from space 8192K, 13% used [0x00000007a7580000,0x00000007a7696f80,0x00000007a7d80000)
  to   space 1536K, 0% used [0x00000007a7d80000,0x00000007a7d80000,0x00000007a7f00000)
 ParOldGen       total 154624K, used 17798K [0x00000006c1200000, 0x00000006ca900000, 0x000000076b100000)
  object space 154624K, 11% used [0x00000006c1200000,0x00000006c2361820,0x00000006ca900000)
 Metaspace       used 47299K, capacity 47832K, committed 48000K, reserved 1091584K
  class space    used 6360K, capacity 6487K, committed 6528K, reserved 1048576K
Event: 14.117 GC heap after
Heap after GC invocations=34 (full 2):
 PSYoungGen      total 989184K, used 1155K [0x000000076b100000, 0x00000007ae680000, 0x00000007c0000000)
  eden space 987648K, 0% used [0x000000076b100000,0x000000076b100000,0x00000007a7580000)
  from space 1536K, 75% used [0x00000007a7d80000,0x00000007a7ea0c08,0x00000007a7f00000)
  to   space 8192K, 0% used [0x00000007a7580000,0x00000007a7580000,0x00000007a7d80000)
 ParOldGen       total 154624K, used 17798K [0x00000006c1200000, 0x00000006ca900000, 0x000000076b100000)
  object space 154624K, 11% used [0x00000006c1200000,0x00000006c2361820,0x00000006ca900000)
 Metaspace       used 47299K, capacity 47832K, committed 48000K, reserved 1091584K
  class space    used 6360K, capacity 6487K, committed 6528K, reserved 1048576K
}

