# JRE version: Java(TM) SE Runtime Environment (8.0_181-b13) (build 1.8.0_181-b13)
# Java VM: Java HotSpot(TM) 64-Bit Server VM (25.181-b13 mixed mode windows-amd64 compressed oops)
Heap:
 PSYoungGen      total 165888K, used 144612K [0x000000076b100000, 0x000000077c600000, 0x00000007c0000000)
  eden space 155136K, 86% used [0x000000076b100000,0x00000007733be378,0x0000000774880000)
  from space 10752K, 99% used [0x000000077bb80000,0x000000077c5fac88,0x000000077c600000)
  to   space 10752K, 0% used [0x000000077b100000,0x000000077b100000,0x000000077bb80000)
 ParOldGen       total 221696K, used 75382K [0x00000006c1200000, 0x00000006cea80000, 0x000000076b100000)
  object space 221696K, 34% used [0x00000006c1200000,0x00000006c5b9d8f8,0x00000006cea80000)
 Metaspace       used 34653K, capacity 34768K, committed 35072K, reserved 1079296K
  class space    used 4739K, capacity 4772K, committed 4864K, reserved 1048576K
GC Heap History (10 events):
Event: 0.677 GC heap before
{Heap before GC invocations=1 (full 0):
 PSYoungGen      total 76288K, used 65536K [0x000000076b100000, 0x0000000770600000, 0x00000007c0000000)
  eden space 65536K, 100% used [0x000000076b100000,0x000000076f100000,0x000000076f100000)
  from space 10752K, 0% used [0x000000076fb80000,0x000000076fb80000,0x0000000770600000)
  to   space 10752K, 0% used [0x000000076f100000,0x000000076f100000,0x000000076fb80000)
 ParOldGen       total 175104K, used 0K [0x00000006c1200000, 0x00000006cbd00000, 0x000000076b100000)
  object space 175104K, 0% used [0x00000006c1200000,0x00000006c1200000,0x00000006cbd00000)
 Metaspace       used 12157K, capacity 12194K, committed 12416K, reserved 1060864K
  class space    used 1763K, capacity 1794K, committed 1920K, reserved 1048576K
Event: 0.697 GC heap after
Heap after GC invocations=1 (full 0):
 PSYoungGen      total 76288K, used 10728K [0x000000076b100000, 0x0000000774600000, 0x00000007c0000000)
  eden space 65536K, 0% used [0x000000076b100000,0x000000076b100000,0x000000076f100000)
  from space 10752K, 99% used [0x000000076f100000,0x000000076fb7a100,0x000000076fb80000)
  to   space 10752K, 0% used [0x0000000773b80000,0x0000000773b80000,0x0000000774600000)
 ParOldGen       total 175104K, used 24116K [0x00000006c1200000, 0x00000006cbd00000, 0x000000076b100000)
  object space 175104K, 13% used [0x00000006c1200000,0x00000006c298d2b0,0x00000006cbd00000)
 Metaspace       used 12157K, capacity 12194K, committed 12416K, reserved 1060864K
  class space    used 1763K, capacity 1794K, committed 1920K, reserved 1048576K
}
Event: 1.601 GC heap before
{Heap before GC invocations=2 (full 0):
 PSYoungGen      total 76288K, used 76264K [0x000000076b100000, 0x0000000774600000, 0x00000007c0000000)
  eden space 65536K, 100% used [0x000000076b100000,0x000000076f100000,0x000000076f100000)
  from space 10752K, 99% used [0x000000076f100000,0x000000076fb7a100,0x000000076fb80000)
  to   space 10752K, 0% used [0x0000000773b80000,0x0000000773b80000,0x0000000774600000)
 ParOldGen       total 175104K, used 24116K [0x00000006c1200000, 0x00000006cbd00000, 0x000000076b100000)
  object space 175104K, 13% used [0x00000006c1200000,0x00000006c298d2b0,0x00000006cbd00000)
 Metaspace       used 20547K, capacity 20582K, committed 20864K, reserved 1067008K
  class space    used 2874K, capacity 2882K, committed 2944K, reserved 1048576K
Event: 1.630 GC heap after
Heap after GC invocations=2 (full 0):
 PSYoungGen      total 141824K, used 10747K [0x000000076b100000, 0x0000000774600000, 0x00000007c0000000)
  eden space 131072K, 0% used [0x000000076b100000,0x000000076b100000,0x0000000773100000)
  from space 10752K, 99% used [0x0000000773b80000,0x00000007745fede8,0x0000000774600000)
  to   space 10752K, 0% used [0x0000000773100000,0x0000000773100000,0x0000000773b80000)
 ParOldGen       total 175104K, used 53891K [0x00000006c1200000, 0x00000006cbd00000, 0x000000076b100000)
  object space 175104K, 30% used [0x00000006c1200000,0x00000006c46a0cf8,0x00000006cbd00000)
 Metaspace       used 20547K, capacity 20582K, committed 20864K, reserved 1067008K
  class space    used 2874K, capacity 2882K, committed 2944K, reserved 1048576K
}
Event: 1.959 GC heap before
{Heap before GC invocations=3 (full 0):
 PSYoungGen      total 141824K, used 24574K [0x000000076b100000, 0x0000000774600000, 0x00000007c0000000)
  eden space 131072K, 10% used [0x000000076b100000,0x000000076be80bc8,0x0000000773100000)
  from space 10752K, 99% used [0x0000000773b80000,0x00000007745fede8,0x0000000774600000)
  to   space 10752K, 0% used [0x0000000773100000,0x0000000773100000,0x0000000773b80000)
 ParOldGen       total 175104K, used 53891K [0x00000006c1200000, 0x00000006cbd00000, 0x000000076b100000)
  object space 175104K, 30% used [0x00000006c1200000,0x00000006c46a0cf8,0x00000006cbd00000)
 Metaspace       used 20997K, capacity 21030K, committed 21248K, reserved 1067008K
  class space    used 2919K, capacity 2946K, committed 3072K, reserved 1048576K
Event: 1.980 GC heap after
Heap after GC invocations=3 (full 0):
 PSYoungGen      total 141824K, used 10734K [0x000000076b100000, 0x000000077c600000, 0x00000007c0000000)
  eden space 131072K, 0% used [0x000000076b100000,0x000000076b100000,0x0000000773100000)
  from space 10752K, 99% used [0x0000000773100000,0x0000000773b7b950,0x0000000773b80000)
  to   space 10752K, 0% used [0x000000077bb80000,0x000000077bb80000,0x000000077c600000)
 ParOldGen       total 175104K, used 59499K [0x00000006c1200000, 0x00000006cbd00000, 0x000000076b100000)
  object space 175104K, 33% used [0x00000006c1200000,0x00000006c4c1adb0,0x00000006cbd00000)
 Metaspace       used 20997K, capacity 21030K, committed 21248K, reserved 1067008K
  class space    used 2919K, capacity 2946K, committed 3072K, reserved 1048576K
}
Event: 1.980 GC heap before
{Heap before GC invocations=4 (full 1):
 PSYoungGen      total 141824K, used 10734K [0x000000076b100000, 0x000000077c600000, 0x00000007c0000000)
  eden space 131072K, 0% used [0x000000076b100000,0x000000076b100000,0x0000000773100000)
  from space 10752K, 99% used [0x0000000773100000,0x0000000773b7b950,0x0000000773b80000)
  to   space 10752K, 0% used [0x000000077bb80000,0x000000077bb80000,0x000000077c600000)
 ParOldGen       total 175104K, used 59499K [0x00000006c1200000, 0x00000006cbd00000, 0x000000076b100000)
  object space 175104K, 33% used [0x00000006c1200000,0x00000006c4c1adb0,0x00000006cbd00000)
 Metaspace       used 20997K, capacity 21030K, committed 21248K, reserved 1067008K
  class space    used 2919K, capacity 2946K, committed 3072K, reserved 1048576K
Event: 2.291 GC heap after
Heap after GC invocations=4 (full 1):
 PSYoungGen      total 141824K, used 0K [0x000000076b100000, 0x000000077c600000, 0x00000007c0000000)
  eden space 131072K, 0% used [0x000000076b100000,0x000000076b100000,0x0000000773100000)
  from space 10752K, 0% used [0x0000000773100000,0x0000000773100000,0x0000000773b80000)
  to   space 10752K, 0% used [0x000000077bb80000,0x000000077bb80000,0x000000077c600000)
 ParOldGen       total 221696K, used 67902K [0x00000006c1200000, 0x00000006cea80000, 0x000000076b100000)
  object space 221696K, 30% used [0x00000006c1200000,0x00000006c544f9a0,0x00000006cea80000)
 Metaspace       used 20997K, capacity 21030K, committed 21248K, reserved 1067008K
  class space    used 2919K, capacity 2946K, committed 3072K, reserved 1048576K
}
Event: 5.685 GC heap before
{Heap before GC invocations=5 (full 1):
 PSYoungGen      total 141824K, used 131072K [0x000000076b100000, 0x000000077c600000, 0x00000007c0000000)
  eden space 131072K, 100% used [0x000000076b100000,0x0000000773100000,0x0000000773100000)
  from space 10752K, 0% used [0x0000000773100000,0x0000000773100000,0x0000000773b80000)
  to   space 10752K, 0% used [0x000000077bb80000,0x000000077bb80000,0x000000077c600000)
 ParOldGen       total 221696K, used 67902K [0x00000006c1200000, 0x00000006cea80000, 0x000000076b100000)
  object space 221696K, 30% used [0x00000006c1200000,0x00000006c544f9a0,0x00000006cea80000)
 Metaspace       used 26326K, capacity 26416K, committed 26752K, reserved 1073152K
  class space    used 3627K, capacity 3652K, committed 3712K, reserved 1048576K
Event: 5.703 GC heap after
Heap after GC invocations=5 (full 1):
 PSYoungGen      total 165888K, used 10731K [0x000000076b100000, 0x000000077c600000, 0x00000007c0000000)
  eden space 155136K, 0% used [0x000000076b100000,0x000000076b100000,0x0000000774880000)
  from space 10752K, 99% used [0x000000077bb80000,0x000000077c5fac88,0x000000077c600000)
  to   space 10752K, 0% used [0x000000077b100000,0x000000077b100000,0x000000077bb80000)
 ParOldGen       total 221696K, used 75382K [0x00000006c1200000, 0x00000006cea80000, 0x000000076b100000)
  object space 221696K, 34% used [0x00000006c1200000,0x00000006c5b9d8f8,0x00000006cea80000)
 Metaspace       used 26326K, capacity 26416K, committed 26752K, reserved 1073152K
  class space    used 3627K, capacity 3652K, committed 3712K, reserved 1048576K
}

