# JRE version: Java(TM) SE Runtime Environment (8.0_181-b13) (build 1.8.0_181-b13)
# Java VM: Java HotSpot(TM) 64-Bit Server VM (25.181-b13 mixed mode windows-amd64 compressed oops)
Heap:
 PSYoungGen      total 221184K, used 185988K [0x000000076b100000, 0x0000000778b80000, 0x00000007c0000000)
  eden space 218624K, 85% used [0x000000076b100000,0x00000007766a1318,0x0000000778680000)
  from space 2560K, 0% used [0x0000000778680000,0x0000000778680000,0x0000000778900000)
  to   space 2048K, 0% used [0x0000000778980000,0x0000000778980000,0x0000000778b80000)
 ParOldGen       total 107520K, used 107297K [0x00000006c1200000, 0x00000006c7b00000, 0x000000076b100000)
  object space 107520K, 99% used [0x00000006c1200000,0x00000006c7ac8590,0x00000006c7b00000)
 Metaspace       used 25221K, capacity 25476K, committed 25728K, reserved 1071104K
  class space    used 3075K, capacity 3166K, committed 3200K, reserved 1048576K
GC Heap History (10 events):
Event: 31.094 GC heap before
{Heap before GC invocations=227 (full 75):
 PSYoungGen      total 221184K, used 218624K [0x000000076b100000, 0x0000000778b80000, 0x00000007c0000000)
  eden space 218624K, 100% used [0x000000076b100000,0x0000000778680000,0x0000000778680000)
  from space 2560K, 0% used [0x0000000778680000,0x0000000778680000,0x0000000778900000)
  to   space 2048K, 0% used [0x0000000778980000,0x0000000778980000,0x0000000778b80000)
 ParOldGen       total 107520K, used 107297K [0x00000006c1200000, 0x00000006c7b00000, 0x000000076b100000)
  object space 107520K, 99% used [0x00000006c1200000,0x00000006c7ac8590,0x00000006c7b00000)
 Metaspace       used 25220K, capacity 25476K, committed 25728K, reserved 1071104K
  class space    used 3075K, capacity 3166K, committed 3200K, reserved 1048576K
Event: 31.207 GC heap after
Heap after GC invocations=227 (full 75):
 PSYoungGen      total 221184K, used 54761K [0x000000076b100000, 0x0000000778b80000, 0x00000007c0000000)
  eden space 218624K, 25% used [0x000000076b100000,0x000000076e67a488,0x0000000778680000)
  from space 2560K, 0% used [0x0000000778680000,0x0000000778680000,0x0000000778900000)
  to   space 2048K, 0% used [0x0000000778980000,0x0000000778980000,0x0000000778b80000)
 ParOldGen       total 107520K, used 107297K [0x00000006c1200000, 0x00000006c7b00000, 0x000000076b100000)
  object space 107520K, 99% used [0x00000006c1200000,0x00000006c7ac8590,0x00000006c7b00000)
 Metaspace       used 25220K, capacity 25476K, committed 25728K, reserved 1071104K
  class space    used 3075K, capacity 3166K, committed 3200K, reserved 1048576K
}
Event: 31.323 GC heap before
{Heap before GC invocations=228 (full 76):
 PSYoungGen      total 221184K, used 218624K [0x000000076b100000, 0x0000000778b80000, 0x00000007c0000000)
  eden space 218624K, 100% used [0x000000076b100000,0x0000000778680000,0x0000000778680000)
  from space 2560K, 0% used [0x0000000778680000,0x0000000778680000,0x0000000778900000)
  to   space 2048K, 0% used [0x0000000778980000,0x0000000778980000,0x0000000778b80000)
 ParOldGen       total 107520K, used 107297K [0x00000006c1200000, 0x00000006c7b00000, 0x000000076b100000)
  object space 107520K, 99% used [0x00000006c1200000,0x00000006c7ac8590,0x00000006c7b00000)
 Metaspace       used 25220K, capacity 25476K, committed 25728K, reserved 1071104K
  class space    used 3075K, capacity 3166K, committed 3200K, reserved 1048576K
Event: 31.435 GC heap after
Heap after GC invocations=228 (full 76):
 PSYoungGen      total 221184K, used 54778K [0x000000076b100000, 0x0000000778b80000, 0x00000007c0000000)
  eden space 218624K, 25% used [0x000000076b100000,0x000000076e67e948,0x0000000778680000)
  from space 2560K, 0% used [0x0000000778680000,0x0000000778680000,0x0000000778900000)
  to   space 2048K, 0% used [0x0000000778980000,0x0000000778980000,0x0000000778b80000)
 ParOldGen       total 107520K, used 107297K [0x00000006c1200000, 0x00000006c7b00000, 0x000000076b100000)
  object space 107520K, 99% used [0x00000006c1200000,0x00000006c7ac8590,0x00000006c7b00000)
 Metaspace       used 25220K, capacity 25476K, committed 25728K, reserved 1071104K
  class space    used 3075K, capacity 3166K, committed 3200K, reserved 1048576K
}
Event: 31.546 GC heap before
{Heap before GC invocations=229 (full 77):
 PSYoungGen      total 221184K, used 218624K [0x000000076b100000, 0x0000000778b80000, 0x00000007c0000000)
  eden space 218624K, 100% used [0x000000076b100000,0x0000000778680000,0x0000000778680000)
  from space 2560K, 0% used [0x0000000778680000,0x0000000778680000,0x0000000778900000)
  to   space 2048K, 0% used [0x0000000778980000,0x0000000778980000,0x0000000778b80000)
 ParOldGen       total 107520K, used 107297K [0x00000006c1200000, 0x00000006c7b00000, 0x000000076b100000)
  object space 107520K, 99% used [0x00000006c1200000,0x00000006c7ac8590,0x00000006c7b00000)
 Metaspace       used 25220K, capacity 25476K, committed 25728K, reserved 1071104K
  class space    used 3075K, capacity 3166K, committed 3200K, reserved 1048576K
Event: 31.660 GC heap after
Heap after GC invocations=229 (full 77):
 PSYoungGen      total 221184K, used 54885K [0x000000076b100000, 0x0000000778b80000, 0x00000007c0000000)
  eden space 218624K, 25% used [0x000000076b100000,0x000000076e6997e0,0x0000000778680000)
  from space 2560K, 0% used [0x0000000778680000,0x0000000778680000,0x0000000778900000)
  to   space 2048K, 0% used [0x0000000778980000,0x0000000778980000,0x0000000778b80000)
 ParOldGen       total 107520K, used 107297K [0x00000006c1200000, 0x00000006c7b00000, 0x000000076b100000)
  object space 107520K, 99% used [0x00000006c1200000,0x00000006c7ac8590,0x00000006c7b00000)
 Metaspace       used 25220K, capacity 25476K, committed 25728K, reserved 1071104K
  class space    used 3075K, capacity 3166K, committed 3200K, reserved 1048576K
}
Event: 31.775 GC heap before
{Heap before GC invocations=230 (full 78):
 PSYoungGen      total 221184K, used 218624K [0x000000076b100000, 0x0000000778b80000, 0x00000007c0000000)
  eden space 218624K, 100% used [0x000000076b100000,0x0000000778680000,0x0000000778680000)
  from space 2560K, 0% used [0x0000000778680000,0x0000000778680000,0x0000000778900000)
  to   space 2048K, 0% used [0x0000000778980000,0x0000000778980000,0x0000000778b80000)
 ParOldGen       total 107520K, used 107297K [0x00000006c1200000, 0x00000006c7b00000, 0x000000076b100000)
  object space 107520K, 99% used [0x00000006c1200000,0x00000006c7ac8590,0x00000006c7b00000)
 Metaspace       used 25221K, capacity 25476K, committed 25728K, reserved 1071104K
  class space    used 3075K, capacity 3166K, committed 3200K, reserved 1048576K
Event: 31.890 GC heap after
Heap after GC invocations=230 (full 78):
 PSYoungGen      total 221184K, used 54924K [0x000000076b100000, 0x0000000778b80000, 0x00000007c0000000)
  eden space 218624K, 25% used [0x000000076b100000,0x000000076e6a3030,0x0000000778680000)
  from space 2560K, 0% used [0x0000000778680000,0x0000000778680000,0x0000000778900000)
  to   space 2048K, 0% used [0x0000000778980000,0x0000000778980000,0x0000000778b80000)
 ParOldGen       total 107520K, used 107297K [0x00000006c1200000, 0x00000006c7b00000, 0x000000076b100000)
  object space 107520K, 99% used [0x00000006c1200000,0x00000006c7ac8590,0x00000006c7b00000)
 Metaspace       used 25221K, capacity 25476K, committed 25728K, reserved 1071104K
  class space    used 3075K, capacity 3166K, committed 3200K, reserved 1048576K
}
Event: 32.009 GC heap before
{Heap before GC invocations=231 (full 79):
 PSYoungGen      total 221184K, used 218624K [0x000000076b100000, 0x0000000778b80000, 0x00000007c0000000)
  eden space 218624K, 100% used [0x000000076b100000,0x0000000778680000,0x0000000778680000)
  from space 2560K, 0% used [0x0000000778680000,0x0000000778680000,0x0000000778900000)
  to   space 2048K, 0% used [0x0000000778980000,0x0000000778980000,0x0000000778b80000)
 ParOldGen       total 107520K, used 107297K [0x00000006c1200000, 0x00000006c7b00000, 0x000000076b100000)
  object space 107520K, 99% used [0x00000006c1200000,0x00000006c7ac8590,0x00000006c7b00000)
 Metaspace       used 25221K, capacity 25476K, committed 25728K, reserved 1071104K
  class space    used 3075K, capacity 3166K, committed 3200K, reserved 1048576K
Event: 32.123 GC heap after
Heap after GC invocations=231 (full 79):
 PSYoungGen      total 221184K, used 54938K [0x000000076b100000, 0x0000000778b80000, 0x00000007c0000000)
  eden space 218624K, 25% used [0x000000076b100000,0x000000076e6a68a8,0x0000000778680000)
  from space 2560K, 0% used [0x0000000778680000,0x0000000778680000,0x0000000778900000)
  to   space 2048K, 0% used [0x0000000778980000,0x0000000778980000,0x0000000778b80000)
 ParOldGen       total 107520K, used 107297K [0x00000006c1200000, 0x00000006c7b00000, 0x000000076b100000)
  object space 107520K, 99% used [0x00000006c1200000,0x00000006c7ac8590,0x00000006c7b00000)
 Metaspace       used 25221K, capacity 25476K, committed 25728K, reserved 1071104K
  class space    used 3075K, capacity 3166K, committed 3200K, reserved 1048576K
}

